<!DOCTYPE html PUBLIC  -//W3C//DTD XHTML 1.1//ENhttp://www.w3.org/TR/xhtml11/DTD/xhtml11.dtd>
<html xmlns=http://www.w3.org/1999/xhtml>
<head>
<title>TestNG Report</title>
<style type='text / css'>
table {margin-bottom:10px;border-collapse:collapse;empty-cells:show}
td,th {border:1px solid #009;padding:.25em .5em}
.result th {vertical-align:bottom}
.param th {padding-left:1em;padding-right:1em}
.param td {padding-left:.5em;padding-right:2em}
.stripe td,.stripe th {background-color: #E6EBF9}
.numi,.numi_attn {text-align:right}
.total td {font-weight:bold}
.passedodd td {background-color: #0A0}
.passedeven td {background-color: #3F3}
.skippedodd td {background-color: #CCC}
.skippedodd td {background-color: #DDD}
.failedodd td,.numi_attn {background-color: #F33}
.failedeven td,.stripe .numi_attn {background-color: #D00}
.stacktrace {white-space:pre;font-family:monospace}
.totop {font-size:85%;text-align:center;border-bottom:2px solid #000}
</style>
</head>
<body>
<center><h1>TestNG Customized Report - 2016/02/02 16:01:37</h1></center><table cellspacing='0' cellpadding='0' class=testOverview>
<tr><th>Test</th><th>Methods<br/>Passed</th><th># skipped</th><th># failed</th><th>Browser</th><th>Start<br/>Time</th><th>End<br/>Time</th><th>Total<br/>Time(hh:mm:ss)</th><th>Included<br/>Groups</th><th>Excluded<br/>Groups</th></tr>
<tr><th colspan=10>Main Test Suite</th></tr>
<tr><td style= text - align:left;padding - right:2e m ><a href=#t 1 ><b > TestNG Test Group </b ></a >  </td > <td class=numi>9</td><td class=numi_attn>1</td><td class=numi_attn>2</td><td class=numi>firefox</td></td>
<td class=numi>04:00:54</td></td>
<td class=numi>04:01:37</td></td>
<td class=numi>00:00:43</td><td class=numi></td><td class=numi></td></tr>
</table>
<table cellspacing='0' cellpadding='0' class=methodOverview id=summary>
<tr><th>Class</th><th>Method</th><th>Exception Info</th><th>Start Time </th><th>Execution Time<br/>(hh:mm:ss)</th></tr>
<tr><th colspan=5>Main Test Suite</th></tr>
<tr id=t1><th colspan=5>TestNG Test Group &#8212; failed</th></tr>
<tr class=failedodd > <td>com.wordpressTest.tests.sanityTests.TestA</td><td><a href=#m1 > <b>secondWebSiteA</b> (sanity) </a></td><td class='numi + style='text - align:left;padding - right:2e m>org.openqa.selenium.NoSuchElementException: Unable to locate element: {&quot;method&quot;:&quot;id&quot;,&quot;selector&quot;:&quot;test&quot;}<br/></td><td style='text - align:right' >04:01:09</td><td class='numi'>00:00:01</td></tr>
<tr class=failedeven><td>com.wordpressTest.tests.sanityTests.TestB</td><td><a href=#m2 > <b>secondTestCaseB</b> (sanity) </a></td><td class='numi + style='text - align:left;padding - right:2e m>java.lang.AssertionError: Failing this Test<br/></td><td style='text - align:right' >04:01:30</td><td class='numi'>00:00:00</td></tr>
<tr><th colspan=5>TestNG Test Group &#8212; skipped</th></tr>
<tr class=skippedodd><td>com.wordpressTest.tests.sanityTests.TestC</td><td><a href=#m3 > <b>secondTestCaseB</b> (sanity) </a></td><td class='numi + style='text - align:left;padding - right:2e m>org.testng.SkipException: Skipping this test with exception<br/></td><td style='text - align:right' >04:01:32</td><td class='numi'>00:00:05</td></tr>
<tr><th colspan=5>TestNG Test Group &#8212; passed</th></tr>
<tr class=passedodd > <td>com.wordpressTest.tests.regressionTests.YahooTest</td><td><a href=#m4 > <b>yahooSearch</b> (smoke) </a></td><td class='numi + style='text - align:left;padding - right:2e m><br/></td><td style='text - align:right' >04:01:20</td><td class='numi'>00:00:03</td></tr>
<tr class=passedeven > <td rowspan=3>com.wordpressTest.tests.sanityTests.TestA</td><td><a href=#m5 > <b>firstTestCaseA</b> (smoke) </a></td><td class='numi + style='text - align:left;padding - right:2e m><br/></td><td style='text - align:right' >04:01:07</td><td class='numi'>00:00:02</td></tr><tr class=passedeven > <td><a href=#m6 > <b>testYahooSearch</b> (sanity) </a></td><td class='numi + style='text - align:left;padding - right:2e m><br/></td><td style='text - align:right' >04:01:10</td><td class='numi'>00:00:00</td></tr><tr class=passedeven > <td><a href=#m7 > <b>thirdTestCaseA</b> (sanity) </a></td><td class='numi + style='text - align:left;padding - right:2e m><br/></td><td style='text - align:right' >04:01:10</td><td class='numi'>00:00:02</td></tr>
<tr class=passedodd > <td rowspan=4>com.wordpressTest.tests.sanityTests.TestB</td><td><a href=#m8 > <b>fifthTestCaseB</b> (sanity) </a></td><td class='numi + style='text - align:left;padding - right:2e m><br/></td><td style='text - align:right' >04:01:24</td><td class='numi'>00:00:02</td></tr><tr class=passedodd > <td><a href=#m9 > <b>firstTestCaseB</b> (sanity) </a></td><td class='numi + style='text - align:left;padding - right:2e m><br/></td><td style='text - align:right' >04:01:26</td><td class='numi'>00:00:02</td></tr><tr class=passedodd > <td><a href=#m10 > <b>fourthTestCaseB</b> (sanity) </a></td><td class='numi + style='text - align:left;padding - right:2e m><br/></td><td style='text - align:right' >04:01:28</td><td class='numi'>00:00:02</td></tr><tr class=passedodd > <td><a href=#m11 > <b>thirdTestCaseB</b> (sanity) </a></td><td class='numi + style='text - align:left;padding - right:2e m><br/></td><td style='text - align:right' >04:01:30</td><td class='numi'>00:00:02</td></tr>
<tr class=passedeven><td>com.wordpressTest.tests.sanityTests.TestC</td><td><a href=#m12 > <b>firstTestCaseB</b> (sanity) </a></td><td class='numi + style='text - align:left;padding - right:2e m><br/></td><td style='text - align:right' >04:01:32</td><td class='numi'>00:00:00</td></tr>
</table>
<h1>TestNG Test Group</h1>
<h2 id=m1>com.wordpressTest.tests.sanityTests.TestA:secondWebSiteA</h2>
<div>
<div class=stacktrace>org.openqa.selenium.NoSuchElementException: Unable to locate element: {&quot;method&quot;:&quot;id&quot;,&quot;selector&quot;:&quot;test&quot;}
Command duration or timeout: 14 milliseconds
For documentation on this error, please visit: http://seleniumhq.org/exceptions/no_such_element.html
Build info: version: &apos;2.49.0&apos;, revision: &apos;365eeb44deba2067b1761c8862ef21d55250e063&apos;, time: &apos;2016-01-13 11:57:39&apos;
System info: host: &apos;thunderdome&apos;, ip: &apos;192.168.0.7&apos;, os.name: &apos;Mac OS X&apos;, os.arch: &apos;x86_64&apos;, os.version: &apos;10.10.5&apos;, java.version: &apos;1.8.0_45&apos;
Driver info: org.openqa.selenium.firefox.FirefoxDriver
Capabilities [{applicationCacheEnabled=true, rotatable=false, handlesAlerts=true, databaseEnabled=true, version=44.0, platform=MAC, nativeEvents=false, acceptSslCerts=true, webStorageEnabled=true, locationContextEnabled=true, browserName=firefox, takesScreenshot=true, javascriptEnabled=true, cssSelectorsEnabled=true}]
Session ID: e831989a-694c-7844-a7d9-f4f0f575a984
*** Element info: {Using=id, value=test}
	at sun.reflect.NativeConstructorAccessorImpl.newInstance0(Native Method)
	at sun.reflect.NativeConstructorAccessorImpl.newInstance(NativeConstructorAccessorImpl.java:62)
	at sun.reflect.DelegatingConstructorAccessorImpl.newInstance(DelegatingConstructorAccessorImpl.java:45)
	at java.lang.reflect.Constructor.newInstance(Constructor.java:422)
	at org.openqa.selenium.remote.ErrorHandler.createThrowable(ErrorHandler.java:206)
	at org.openqa.selenium.remote.ErrorHandler.throwIfResponseFailed(ErrorHandler.java:158)
	at org.openqa.selenium.remote.RemoteWebDriver.execute(RemoteWebDriver.java:678)
	at org.openqa.selenium.remote.RemoteWebDriver.findElement(RemoteWebDriver.java:363)
	at org.openqa.selenium.remote.RemoteWebDriver.findElementById(RemoteWebDriver.java:413)
	at org.openqa.selenium.By$ById.findElement(By.java:218)
	at org.openqa.selenium.remote.RemoteWebDriver.findElement(RemoteWebDriver.java:355)
	at com.wordpressTest.tests.sanityTests.TestA.secondWebSiteA(TestA.java:40)
	at sun.reflect.NativeMethodAccessorImpl.invoke0(Native Method)
	at sun.reflect.NativeMethodAccessorImpl.invoke(NativeMethodAccessorImpl.java:62)
	at sun.reflect.DelegatingMethodAccessorImpl.invoke(DelegatingMethodAccessorImpl.java:43)
	at java.lang.reflect.Method.invoke(Method.java:497)
	at org.testng.internal.MethodInvocationHelper.invokeMethod(MethodInvocationHelper.java:85)
	at org.testng.internal.Invoker.invokeMethod(Invoker.java:639)
	at org.testng.internal.Invoker.invokeTestMethod(Invoker.java:816)
	at org.testng.internal.Invoker.invokeTestMethods(Invoker.java:1124)
	at org.testng.internal.TestMethodWorker.invokeTestMethods(TestMethodWorker.java:125)
	at org.testng.internal.TestMethodWorker.run(TestMethodWorker.java:108)
	at org.testng.TestRunner.privateRun(TestRunner.java:774)
	at org.testng.TestRunner.run(TestRunner.java:624)
	at org.testng.SuiteRunner.runTest(SuiteRunner.java:359)
	at org.testng.SuiteRunner.runSequentially(SuiteRunner.java:354)
	at org.testng.SuiteRunner.privateRun(SuiteRunner.java:312)
	at org.testng.SuiteRunner.run(SuiteRunner.java:261)
	at org.testng.SuiteRunnerWorker.runSuite(SuiteRunnerWorker.java:52)
	at org.testng.SuiteRunnerWorker.run(SuiteRunnerWorker.java:86)
	at org.testng.TestNG.runSuitesSequentially(TestNG.java:1215)
	at org.testng.TestNG.runSuitesLocally(TestNG.java:1140)
	at org.testng.TestNG.run(TestNG.java:1048)
	at org.testng.remote.RemoteTestNG.run(RemoteTestNG.java:112)
	at org.testng.remote.RemoteTestNG.initAndRun(RemoteTestNG.java:205)
	at org.testng.remote.RemoteTestNG.main(RemoteTestNG.java:176)
	at org.testng.RemoteTestNGStarter.main(RemoteTestNGStarter.java:125)
	at sun.reflect.NativeMethodAccessorImpl.invoke0(Native Method)
	at sun.reflect.NativeMethodAccessorImpl.invoke(NativeMethodAccessorImpl.java:62)
	at sun.reflect.DelegatingMethodAccessorImpl.invoke(DelegatingMethodAccessorImpl.java:43)
	at java.lang.reflect.Method.invoke(Method.java:497)
	at com.intellij.rt.execution.application.AppMain.main(AppMain.java:140)
Caused by: org.openqa.selenium.NoSuchElementException: Unable to locate element: {&quot;method&quot;:&quot;id&quot;,&quot;selector&quot;:&quot;test&quot;}
For documentation on this error, please visit: http://seleniumhq.org/exceptions/no_such_element.html
Build info: version: &apos;2.49.0&apos;, revision: &apos;365eeb44deba2067b1761c8862ef21d55250e063&apos;, time: &apos;2016-01-13 11:57:39&apos;
System info: host: &apos;thunderdome&apos;, ip: &apos;192.168.0.7&apos;, os.name: &apos;Mac OS X&apos;, os.arch: &apos;x86_64&apos;, os.version: &apos;10.10.5&apos;, java.version: &apos;1.8.0_45&apos;
Driver info: driver.version: unknown
	at &lt;anonymous class&gt;.FirefoxDriver.prototype.findElementInternal_(file:///var/folders/tn/npj2xyrx77j8vdt2w4tbkhq9_ppt4b/T/anonymous5542621641848662570webdriver-profile/extensions/fxdriver@googlecode.com/components/driver-component.js:10675)
	at &lt;anonymous class&gt;.FirefoxDriver.prototype.findElement(file:///var/folders/tn/npj2xyrx77j8vdt2w4tbkhq9_ppt4b/T/anonymous5542621641848662570webdriver-profile/extensions/fxdriver@googlecode.com/components/driver-component.js:10684)
	at &lt;anonymous class&gt;.DelayedCommand.prototype.executeInternal_/h(file:///var/folders/tn/npj2xyrx77j8vdt2w4tbkhq9_ppt4b/T/anonymous5542621641848662570webdriver-profile/extensions/fxdriver@googlecode.com/components/command-processor.js:12551)
	at &lt;anonymous class&gt;.DelayedCommand.prototype.executeInternal_(file:///var/folders/tn/npj2xyrx77j8vdt2w4tbkhq9_ppt4b/T/anonymous5542621641848662570webdriver-profile/extensions/fxdriver@googlecode.com/components/command-processor.js:12556)
	at &lt;anonymous class&gt;.DelayedCommand.prototype.execute/&lt;(file:///var/folders/tn/npj2xyrx77j8vdt2w4tbkhq9_ppt4b/T/anonymous5542621641848662570webdriver-profile/extensions/fxdriver@googlecode.com/components/command-processor.js:12498)
</div>
</div>
<p class='totop'><a href='#summary'>back to summary</a></p>
<h2 id=m2>com.wordpressTest.tests.sanityTests.TestB:secondTestCaseB</h2>
<div>
<div class=stacktrace>java.lang.AssertionError: Failing this Test
	at org.testng.Assert.fail(Assert.java:94)
	at com.wordpressTest.tests.sanityTests.TestB.secondTestCaseB(TestB.java:20)
	at sun.reflect.NativeMethodAccessorImpl.invoke0(Native Method)
	at sun.reflect.NativeMethodAccessorImpl.invoke(NativeMethodAccessorImpl.java:62)
	at sun.reflect.DelegatingMethodAccessorImpl.invoke(DelegatingMethodAccessorImpl.java:43)
	at java.lang.reflect.Method.invoke(Method.java:497)
	at org.testng.internal.MethodInvocationHelper.invokeMethod(MethodInvocationHelper.java:85)
	at org.testng.internal.Invoker.invokeMethod(Invoker.java:639)
	at org.testng.internal.Invoker.invokeTestMethod(Invoker.java:816)
	at org.testng.internal.Invoker.invokeTestMethods(Invoker.java:1124)
	at org.testng.internal.TestMethodWorker.invokeTestMethods(TestMethodWorker.java:125)
	at org.testng.internal.TestMethodWorker.run(TestMethodWorker.java:108)
	at org.testng.TestRunner.privateRun(TestRunner.java:774)
	at org.testng.TestRunner.run(TestRunner.java:624)
	at org.testng.SuiteRunner.runTest(SuiteRunner.java:359)
	at org.testng.SuiteRunner.runSequentially(SuiteRunner.java:354)
	at org.testng.SuiteRunner.privateRun(SuiteRunner.java:312)
	at org.testng.SuiteRunner.run(SuiteRunner.java:261)
	at org.testng.SuiteRunnerWorker.runSuite(SuiteRunnerWorker.java:52)
	at org.testng.SuiteRunnerWorker.run(SuiteRunnerWorker.java:86)
	at org.testng.TestNG.runSuitesSequentially(TestNG.java:1215)
	at org.testng.TestNG.runSuitesLocally(TestNG.java:1140)
	at org.testng.TestNG.run(TestNG.java:1048)
	at org.testng.remote.RemoteTestNG.run(RemoteTestNG.java:112)
	at org.testng.remote.RemoteTestNG.initAndRun(RemoteTestNG.java:205)
	at org.testng.remote.RemoteTestNG.main(RemoteTestNG.java:176)
	at org.testng.RemoteTestNGStarter.main(RemoteTestNGStarter.java:125)
	at sun.reflect.NativeMethodAccessorImpl.invoke0(Native Method)
	at sun.reflect.NativeMethodAccessorImpl.invoke(NativeMethodAccessorImpl.java:62)
	at sun.reflect.DelegatingMethodAccessorImpl.invoke(DelegatingMethodAccessorImpl.java:43)
	at java.lang.reflect.Method.invoke(Method.java:497)
	at com.intellij.rt.execution.application.AppMain.main(AppMain.java:140)
</div>
</div>
<p class='totop'><a href='#summary'>back to summary</a></p>
<h2 id=m3>com.wordpressTest.tests.sanityTests.TestC:secondTestCaseB</h2>
<div>
<div class=stacktrace>org.testng.SkipException: Skipping this test with exception
	at com.wordpressTest.tests.sanityTests.TestC.secondTestCaseB(TestC.java:20)
	at sun.reflect.NativeMethodAccessorImpl.invoke0(Native Method)
	at sun.reflect.NativeMethodAccessorImpl.invoke(NativeMethodAccessorImpl.java:62)
	at sun.reflect.DelegatingMethodAccessorImpl.invoke(DelegatingMethodAccessorImpl.java:43)
	at java.lang.reflect.Method.invoke(Method.java:497)
	at org.testng.internal.MethodInvocationHelper.invokeMethod(MethodInvocationHelper.java:85)
	at org.testng.internal.Invoker.invokeMethod(Invoker.java:639)
	at org.testng.internal.Invoker.invokeTestMethod(Invoker.java:816)
	at org.testng.internal.Invoker.invokeTestMethods(Invoker.java:1124)
	at org.testng.internal.TestMethodWorker.invokeTestMethods(TestMethodWorker.java:125)
	at org.testng.internal.TestMethodWorker.run(TestMethodWorker.java:108)
	at org.testng.TestRunner.privateRun(TestRunner.java:774)
	at org.testng.TestRunner.run(TestRunner.java:624)
	at org.testng.SuiteRunner.runTest(SuiteRunner.java:359)
	at org.testng.SuiteRunner.runSequentially(SuiteRunner.java:354)
	at org.testng.SuiteRunner.privateRun(SuiteRunner.java:312)
	at org.testng.SuiteRunner.run(SuiteRunner.java:261)
	at org.testng.SuiteRunnerWorker.runSuite(SuiteRunnerWorker.java:52)
	at org.testng.SuiteRunnerWorker.run(SuiteRunnerWorker.java:86)
	at org.testng.TestNG.runSuitesSequentially(TestNG.java:1215)
	at org.testng.TestNG.runSuitesLocally(TestNG.java:1140)
	at org.testng.TestNG.run(TestNG.java:1048)
	at org.testng.remote.RemoteTestNG.run(RemoteTestNG.java:112)
	at org.testng.remote.RemoteTestNG.initAndRun(RemoteTestNG.java:205)
	at org.testng.remote.RemoteTestNG.main(RemoteTestNG.java:176)
	at org.testng.RemoteTestNGStarter.main(RemoteTestNGStarter.java:125)
	at sun.reflect.NativeMethodAccessorImpl.invoke0(Native Method)
	at sun.reflect.NativeMethodAccessorImpl.invoke(NativeMethodAccessorImpl.java:62)
	at sun.reflect.DelegatingMethodAccessorImpl.invoke(DelegatingMethodAccessorImpl.java:43)
	at java.lang.reflect.Method.invoke(Method.java:497)
	at com.intellij.rt.execution.application.AppMain.main(AppMain.java:140)
</div>
</div>
<p class='totop'><a href='#summary'>back to summary</a></p>
<h2 id=m4>com.wordpressTest.tests.regressionTests.YahooTest:yahooSearch</h2>
<p class='totop'><a href='#summary'>back to summary</a></p>
<h2 id=m5>com.wordpressTest.tests.sanityTests.TestA:firstTestCaseA</h2>
<p class='totop'><a href='#summary'>back to summary</a></p>
<h2 id=m6>com.wordpressTest.tests.sanityTests.TestA:testYahooSearch</h2>
<p class='totop'><a href='#summary'>back to summary</a></p>
<h2 id=m7>com.wordpressTest.tests.sanityTests.TestA:thirdTestCaseA</h2>
<p class='totop'><a href='#summary'>back to summary</a></p>
<h2 id=m8>com.wordpressTest.tests.sanityTests.TestB:fifthTestCaseB</h2>
<p class='totop'><a href='#summary'>back to summary</a></p>
<h2 id=m9>com.wordpressTest.tests.sanityTests.TestB:firstTestCaseB</h2>
<p class='totop'><a href='#summary'>back to summary</a></p>
<h2 id=m10>com.wordpressTest.tests.sanityTests.TestB:fourthTestCaseB</h2>
<p class='totop'><a href='#summary'>back to summary</a></p>
<h2 id=m11>com.wordpressTest.tests.sanityTests.TestB:thirdTestCaseB</h2>
<p class='totop'><a href='#summary'>back to summary</a></p>
<h2 id=m12>com.wordpressTest.tests.sanityTests.TestC:firstTestCaseB</h2>
<p class='totop'><a href='#summary'>back to summary</a></p>
<center> TestNG Report </center>
</body></html>
