<!DOCTYPE html PUBLIC "-//W3C//DTD XHTML 1.1//EN" "http://www.w3.org/TR/xhtml11/DTD/xhtml11.dtd">
<html xmlns="http://www.w3.org/1999/xhtml"><head><title>TestNG Report</title><style type="text/css">table {margin-bottom:10px;border-collapse:collapse;empty-cells:show}th,td {border:1px solid #009;padding:.25em .5em}th {vertical-align:bottom}td {vertical-align:top}table a {font-weight:bold}.stripe td {background-color: #E6EBF9}.num {text-align:right}.passedodd td {background-color: #3F3}.passedeven td {background-color: #0A0}.skippedodd td {background-color: #DDD}.skippedeven td {background-color: #CCC}.failedodd td,.attn {background-color: #F33}.failedeven td,.stripe .attn {background-color: #D00}.stacktrace {white-space:pre;font-family:monospace}.totop {font-size:85%;text-align:center;border-bottom:2px solid #000}</style></head><body><table><tr><th>Test</th><th># Passed</th><th># Skipped</th><th># Failed</th><th>Time (ms)</th><th>Included Groups</th><th>Excluded Groups</th></tr><tr><th colspan="7">Main Test Suite</th></tr><tr><td><a href="#t0">Regression Test Group</a></td><td class="num">1</td><td class="num">0</td><td class="num">0</td><td class="num">7,200</td><td></td><td></td></tr><tr><th colspan="7">Sample Test Suite</th></tr><tr class="stripe"><td><a href="#t1">OptionalParamExample</a></td><td class="num">3</td><td class="num">0</td><td class="num">0</td><td class="num">4,462</td><td></td><td></td></tr><tr><th colspan="7">Main Test Suite (0)</th></tr><tr><td><a href="#t2">Sanity Test Group</a></td><td class="num">7</td><td class="num attn">1</td><td class="num attn">2</td><td class="num">8,525</td><td>all, smoke, sanity, functest</td><td></td></tr><tr><th>Total</th><th class="num">11</th><th class="num attn">1</th><th class="num attn">2</th><th class="num">20,187</th><th colspan="2"></th></tr></table><table><thead><tr><th>Class</th><th>Method</th><th>Start</th><th>Time (ms)</th></tr></thead><tbody><tr><th colspan="4">Main Test Suite</th></tr></tbody><tbody id="t0"><tr><th colspan="4">Regression Test Group &#8212; passed</th></tr><tr class="passedeven"><td rowspan="1">com.wordpressTest.tests.regressionTests.YahooTest</td><td><a href="#m0">yahooSearch</a></td><td rowspan="1">1453992663980</td><td rowspan="1">1480</td></tr></tbody><tbody><tr><th colspan="4">Sample Test Suite</th></tr></tbody><tbody id="t1"><tr><th colspan="4">OptionalParamExample &#8212; passed</th></tr><tr class="passedeven"><td rowspan="3">com.wordpressTest.tests.OptionalParamExample</td><td><a href="#m1">testGoogleSearch</a></td><td rowspan="1">1453992669982</td><td rowspan="1">12</td></tr><tr class="passedeven"><td><a href="#m2">testOptionParamOne</a></td><td rowspan="1">1453992669995</td><td rowspan="1">1</td></tr><tr class="passedeven"><td><a href="#m3">testOptionParamTwo</a></td><td rowspan="1">1453992670000</td><td rowspan="1">1</td></tr></tbody><tbody><tr><th colspan="4">Main Test Suite (0)</th></tr></tbody><tbody id="t2"><tr><th colspan="4">Sanity Test Group &#8212; failed</th></tr><tr class="failedeven"><td rowspan="1">com.wordpressTest.tests.sanityTests.TestA</td><td><a href="#m4">secondWebSiteA</a></td><td rowspan="1">1453992672090</td><td rowspan="1">1006</td></tr><tr class="failedodd"><td rowspan="1">com.wordpressTest.tests.sanityTests.TestB</td><td><a href="#m5">secondTestCaseB</a></td><td rowspan="1">1453992676099</td><td rowspan="1">504</td></tr><tr><th colspan="4">Sanity Test Group &#8212; skipped</th></tr><tr class="skippedeven"><td rowspan="1">com.wordpressTest.tests.sanityTests.TestC</td><td><a href="#m6">secondTestCaseB</a></td><td rowspan="1">1453992670192</td><td rowspan="1">5003</td></tr><tr><th colspan="4">Sanity Test Group &#8212; passed</th></tr><tr class="passedeven"><td rowspan="2">com.wordpressTest.tests.sanityTests.TestA</td><td><a href="#m7">firstTestCaseA</a></td><td rowspan="1">1453992670086</td><td rowspan="1">2003</td></tr><tr class="passedeven"><td><a href="#m8">thirdTestCaseA</a></td><td rowspan="1">1453992673103</td><td rowspan="1">2002</td></tr><tr class="passedodd"><td rowspan="4">com.wordpressTest.tests.sanityTests.TestB</td><td><a href="#m9">fifthTestCaseB</a></td><td rowspan="1">1453992670087</td><td rowspan="1">2002</td></tr><tr class="passedodd"><td><a href="#m10">firstTestCaseB</a></td><td rowspan="1">1453992672090</td><td rowspan="1">2005</td></tr><tr class="passedodd"><td><a href="#m11">fourthTestCaseB</a></td><td rowspan="1">1453992674096</td><td rowspan="1">2002</td></tr><tr class="passedodd"><td><a href="#m12">thirdTestCaseB</a></td><td rowspan="1">1453992676604</td><td rowspan="1">2005</td></tr><tr class="passedeven"><td rowspan="1">com.wordpressTest.tests.sanityTests.TestC</td><td><a href="#m13">firstTestCaseB</a></td><td rowspan="1">1453992670088</td><td rowspan="1">103</td></tr></tbody></table><h2>Regression Test Group</h2><h3 id="m0">com.wordpressTest.tests.regressionTests.YahooTest#yahooSearch</h3><table class="result"></table><p class="totop"><a href="#summary">back to summary</a></p><h2>OptionalParamExample</h2><h3 id="m1">com.wordpressTest.tests.OptionalParamExample#testGoogleSearch</h3><table class="result"></table><p class="totop"><a href="#summary">back to summary</a></p><h3 id="m2">com.wordpressTest.tests.OptionalParamExample#testOptionParamOne</h3><table class="result"><tr class="param"><th>Parameter #1</th></tr><tr class="param stripe"><td>First parameter</td></tr></table><p class="totop"><a href="#summary">back to summary</a></p><h3 id="m3">com.wordpressTest.tests.OptionalParamExample#testOptionParamTwo</h3><table class="result"><tr class="param"><th>Parameter #1</th></tr><tr class="param stripe"><td>Second parameter</td></tr></table><p class="totop"><a href="#summary">back to summary</a></p><h2>Sanity Test Group</h2><h3 id="m4">com.wordpressTest.tests.sanityTests.TestA#secondWebSiteA</h3><table class="result"><tr><th>Exception</th></tr><tr><td><div class="stacktrace">org.openqa.selenium.remote.SessionNotFoundException: Session ID is null. Using WebDriver after calling quit()?
Build info: version: &apos;2.49.0&apos;, revision: &apos;365eeb44deba2067b1761c8862ef21d55250e063&apos;, time: &apos;2016-01-13 11:57:39&apos;
System info: host: &apos;thunderdome&apos;, ip: &apos;192.168.0.7&apos;, os.name: &apos;Mac OS X&apos;, os.arch: &apos;x86_64&apos;, os.version: &apos;10.10.5&apos;, java.version: &apos;1.8.0_45&apos;
Driver info: driver.version: RemoteWebDriver
	at org.openqa.selenium.remote.HttpCommandExecutor.execute(HttpCommandExecutor.java:134)
	at org.openqa.selenium.remote.service.DriverCommandExecutor.execute(DriverCommandExecutor.java:82)
	at org.openqa.selenium.remote.RemoteWebDriver.execute(RemoteWebDriver.java:644)
	at org.openqa.selenium.remote.RemoteWebDriver.findElement(RemoteWebDriver.java:363)
	at org.openqa.selenium.remote.RemoteWebDriver.findElementById(RemoteWebDriver.java:413)
	at org.openqa.selenium.By$ById.findElement(By.java:218)
	at org.openqa.selenium.remote.RemoteWebDriver.findElement(RemoteWebDriver.java:355)
	at com.wordpressTest.tests.sanityTests.TestA.secondWebSiteA(TestA.java:37)
	at sun.reflect.NativeMethodAccessorImpl.invoke0(Native Method)
	at sun.reflect.NativeMethodAccessorImpl.invoke(NativeMethodAccessorImpl.java:62)
	at sun.reflect.DelegatingMethodAccessorImpl.invoke(DelegatingMethodAccessorImpl.java:43)
	at java.lang.reflect.Method.invoke(Method.java:497)
	at org.testng.internal.MethodInvocationHelper.invokeMethod(MethodInvocationHelper.java:85)
	at org.testng.internal.Invoker.invokeMethod(Invoker.java:639)
	at org.testng.internal.Invoker.invokeTestMethod(Invoker.java:816)
	at org.testng.internal.Invoker.invokeTestMethods(Invoker.java:1124)
	at org.testng.internal.TestMethodWorker.invokeTestMethods(TestMethodWorker.java:125)
	at org.testng.internal.TestMethodWorker.run(TestMethodWorker.java:108)
	at java.util.concurrent.ThreadPoolExecutor.runWorker(ThreadPoolExecutor.java:1142)
	at java.util.concurrent.ThreadPoolExecutor$Worker.run(ThreadPoolExecutor.java:617)
	at java.lang.Thread.run(Thread.java:745)
</div></td></tr></table><p class="totop"><a href="#summary">back to summary</a></p><h3 id="m5">com.wordpressTest.tests.sanityTests.TestB#secondTestCaseB</h3><table class="result"><tr><th>Exception</th></tr><tr><td><div class="stacktrace">java.lang.AssertionError: Failing this Test
	at org.testng.Assert.fail(Assert.java:94)
	at com.wordpressTest.tests.sanityTests.TestB.secondTestCaseB(TestB.java:20)
	at sun.reflect.NativeMethodAccessorImpl.invoke0(Native Method)
	at sun.reflect.NativeMethodAccessorImpl.invoke(NativeMethodAccessorImpl.java:62)
	at sun.reflect.DelegatingMethodAccessorImpl.invoke(DelegatingMethodAccessorImpl.java:43)
	at java.lang.reflect.Method.invoke(Method.java:497)
	at org.testng.internal.MethodInvocationHelper.invokeMethod(MethodInvocationHelper.java:85)
	at org.testng.internal.Invoker.invokeMethod(Invoker.java:639)
	at org.testng.internal.Invoker.invokeTestMethod(Invoker.java:816)
	at org.testng.internal.Invoker.invokeTestMethods(Invoker.java:1124)
	at org.testng.internal.TestMethodWorker.invokeTestMethods(TestMethodWorker.java:125)
	at org.testng.internal.TestMethodWorker.run(TestMethodWorker.java:108)
	at java.util.concurrent.ThreadPoolExecutor.runWorker(ThreadPoolExecutor.java:1142)
	at java.util.concurrent.ThreadPoolExecutor$Worker.run(ThreadPoolExecutor.java:617)
	at java.lang.Thread.run(Thread.java:745)
</div></td></tr></table><p class="totop"><a href="#summary">back to summary</a></p><h3 id="m6">com.wordpressTest.tests.sanityTests.TestC#secondTestCaseB</h3><table class="result"><tr><th>Exception</th></tr><tr><td><div class="stacktrace">org.testng.SkipException: Skipping this test with exception
	at com.wordpressTest.tests.sanityTests.TestC.secondTestCaseB(TestC.java:20)
	at sun.reflect.NativeMethodAccessorImpl.invoke0(Native Method)
	at sun.reflect.NativeMethodAccessorImpl.invoke(NativeMethodAccessorImpl.java:62)
	at sun.reflect.DelegatingMethodAccessorImpl.invoke(DelegatingMethodAccessorImpl.java:43)
	at java.lang.reflect.Method.invoke(Method.java:497)
	at org.testng.internal.MethodInvocationHelper.invokeMethod(MethodInvocationHelper.java:85)
	at org.testng.internal.Invoker.invokeMethod(Invoker.java:639)
	at org.testng.internal.Invoker.invokeTestMethod(Invoker.java:816)
	at org.testng.internal.Invoker.invokeTestMethods(Invoker.java:1124)
	at org.testng.internal.TestMethodWorker.invokeTestMethods(TestMethodWorker.java:125)
	at org.testng.internal.TestMethodWorker.run(TestMethodWorker.java:108)
	at java.util.concurrent.ThreadPoolExecutor.runWorker(ThreadPoolExecutor.java:1142)
	at java.util.concurrent.ThreadPoolExecutor$Worker.run(ThreadPoolExecutor.java:617)
	at java.lang.Thread.run(Thread.java:745)
</div></td></tr></table><p class="totop"><a href="#summary">back to summary</a></p><h3 id="m7">com.wordpressTest.tests.sanityTests.TestA#firstTestCaseA</h3><table class="result"></table><p class="totop"><a href="#summary">back to summary</a></p><h3 id="m8">com.wordpressTest.tests.sanityTests.TestA#thirdTestCaseA</h3><table class="result"></table><p class="totop"><a href="#summary">back to summary</a></p><h3 id="m9">com.wordpressTest.tests.sanityTests.TestB#fifthTestCaseB</h3><table class="result"></table><p class="totop"><a href="#summary">back to summary</a></p><h3 id="m10">com.wordpressTest.tests.sanityTests.TestB#firstTestCaseB</h3><table class="result"></table><p class="totop"><a href="#summary">back to summary</a></p><h3 id="m11">com.wordpressTest.tests.sanityTests.TestB#fourthTestCaseB</h3><table class="result"></table><p class="totop"><a href="#summary">back to summary</a></p><h3 id="m12">com.wordpressTest.tests.sanityTests.TestB#thirdTestCaseB</h3><table class="result"></table><p class="totop"><a href="#summary">back to summary</a></p><h3 id="m13">com.wordpressTest.tests.sanityTests.TestC#firstTestCaseB</h3><table class="result"></table><p class="totop"><a href="#summary">back to summary</a></p></body></html>