<?xml version="1.0" encoding="UTF-8"?>
<testng-results skipped="1" failed="2" total="14" passed="11">
  <reporter-output>
  </reporter-output>
  <suite name="Main Test Suite" duration-ms="7200" started-at="2016-01-28T14:50:58Z" finished-at="2016-01-28T14:51:05Z">
    <groups>
      <group name="smoke">
        <method signature="YahooTest.yahooSearch()[pri:0, instance:com.wordpressTest.tests.regressionTests.YahooTest@5b239d7d]" name="yahooSearch" class="com.wordpressTest.tests.regressionTests.YahooTest"/>
      </group> <!-- smoke -->
    </groups>
    <test name="Regression Test Group" duration-ms="7200" started-at="2016-01-28T14:50:58Z" finished-at="2016-01-28T14:51:05Z">
      <class name="com.wordpressTest.tests.regressionTests.YahooTest">
        <test-method status="PASS" signature="setUp(java.lang.String, java.lang.String)[pri:0, instance:com.wordpressTest.tests.regressionTests.YahooTest@5b239d7d]" name="setUp" is-config="true" duration-ms="5561" started-at="2016-01-28T14:50:58Z" finished-at="2016-01-28T14:51:03Z">
          <params>
            <param index="0">
              <value>
                <![CDATA[safari]]>
              </value>
            </param>
            <param index="1">
              <value>
                <![CDATA[https://uk.yahoo.com/]]>
              </value>
            </param>
          </params>
          <reporter-output>
          </reporter-output>
        </test-method> <!-- setUp -->
        <test-method status="PASS" signature="yahooSearch()[pri:0, instance:com.wordpressTest.tests.regressionTests.YahooTest@5b239d7d]" name="yahooSearch" duration-ms="1480" started-at="2016-01-28T14:51:03Z" finished-at="2016-01-28T14:51:05Z">
          <reporter-output>
          </reporter-output>
        </test-method> <!-- yahooSearch -->
        <test-method status="PASS" signature="tearDown()[pri:0, instance:com.wordpressTest.tests.regressionTests.YahooTest@5b239d7d]" name="tearDown" is-config="true" duration-ms="125" started-at="2016-01-28T14:51:05Z" finished-at="2016-01-28T14:51:05Z">
          <reporter-output>
          </reporter-output>
        </test-method> <!-- tearDown -->
      </class> <!-- com.wordpressTest.tests.regressionTests.YahooTest -->
    </test> <!-- Regression Test Group -->
  </suite> <!-- Main Test Suite -->
  <suite name="Sample Test Suite" duration-ms="4462" started-at="2016-01-28T14:51:05Z" finished-at="2016-01-28T14:51:10Z">
    <groups>
      <group name="smoke">
        <method signature="OptionalParamExample.testGoogleSearch()[pri:0, instance:com.wordpressTest.tests.OptionalParamExample@1189dd52]" name="testGoogleSearch" class="com.wordpressTest.tests.OptionalParamExample"/>
        <method signature="OptionalParamExample.testOptionParamOne(java.lang.String)[pri:0, instance:com.wordpressTest.tests.OptionalParamExample@1189dd52]" name="testOptionParamOne" class="com.wordpressTest.tests.OptionalParamExample"/>
        <method signature="OptionalParamExample.testOptionParamTwo(java.lang.String)[pri:0, instance:com.wordpressTest.tests.OptionalParamExample@1189dd52]" name="testOptionParamTwo" class="com.wordpressTest.tests.OptionalParamExample"/>
      </group> <!-- smoke -->
    </groups>
    <test name="OptionalParamExample" duration-ms="4462" started-at="2016-01-28T14:51:05Z" finished-at="2016-01-28T14:51:10Z">
      <class name="com.wordpressTest.tests.OptionalParamExample">
        <test-method status="PASS" signature="setUp(java.lang.String, java.lang.String)[pri:0, instance:com.wordpressTest.tests.OptionalParamExample@1189dd52]" name="setUp" is-config="true" duration-ms="4359" started-at="2016-01-28T14:51:05Z" finished-at="2016-01-28T14:51:09Z">
          <params>
            <param index="0">
              <value>
                <![CDATA[chrome]]>
              </value>
            </param>
            <param index="1">
              <value>
                <![CDATA[https://www.google.com/]]>
              </value>
            </param>
          </params>
          <reporter-output>
          </reporter-output>
        </test-method> <!-- setUp -->
        <test-method status="PASS" signature="testGoogleSearch()[pri:0, instance:com.wordpressTest.tests.OptionalParamExample@1189dd52]" name="testGoogleSearch" duration-ms="12" started-at="2016-01-28T14:51:09Z" finished-at="2016-01-28T14:51:09Z">
          <reporter-output>
          </reporter-output>
        </test-method> <!-- testGoogleSearch -->
        <test-method status="PASS" signature="testOptionParamOne(java.lang.String)[pri:0, instance:com.wordpressTest.tests.OptionalParamExample@1189dd52]" name="testOptionParamOne" duration-ms="1" started-at="2016-01-28T14:51:09Z" finished-at="2016-01-28T14:51:09Z">
          <params>
            <param index="0">
              <value>
                <![CDATA[First parameter]]>
              </value>
            </param>
          </params>
          <reporter-output>
          </reporter-output>
        </test-method> <!-- testOptionParamOne -->
        <test-method status="PASS" signature="testOptionParamTwo(java.lang.String)[pri:0, instance:com.wordpressTest.tests.OptionalParamExample@1189dd52]" name="testOptionParamTwo" duration-ms="1" started-at="2016-01-28T14:51:10Z" finished-at="2016-01-28T14:51:10Z">
          <params>
            <param index="0">
              <value>
                <![CDATA[Second parameter]]>
              </value>
            </param>
          </params>
          <reporter-output>
          </reporter-output>
        </test-method> <!-- testOptionParamTwo -->
        <test-method status="PASS" signature="tearDown()[pri:0, instance:com.wordpressTest.tests.OptionalParamExample@1189dd52]" name="tearDown" is-config="true" duration-ms="80" started-at="2016-01-28T14:51:10Z" finished-at="2016-01-28T14:51:10Z">
          <reporter-output>
          </reporter-output>
        </test-method> <!-- tearDown -->
      </class> <!-- com.wordpressTest.tests.OptionalParamExample -->
    </test> <!-- OptionalParamExample -->
  </suite> <!-- Sample Test Suite -->
  <suite name="Main Test Suite (0)" duration-ms="8525" started-at="2016-01-28T14:51:10Z" finished-at="2016-01-28T14:51:18Z">
    <groups>
      <group name="smoke">
        <method signature="TestA.firstTestCaseA()[pri:0, instance:com.wordpressTest.tests.sanityTests.TestA@158d2680]" name="firstTestCaseA" class="com.wordpressTest.tests.sanityTests.TestA"/>
        <method signature="TestA.secondWebSiteA()[pri:0, instance:com.wordpressTest.tests.sanityTests.TestA@158d2680]" name="secondWebSiteA" class="com.wordpressTest.tests.sanityTests.TestA"/>
      </group> <!-- smoke -->
      <group name="sanity">
        <method signature="TestA.thirdTestCaseA()[pri:0, instance:com.wordpressTest.tests.sanityTests.TestA@158d2680]" name="thirdTestCaseA" class="com.wordpressTest.tests.sanityTests.TestA"/>
        <method signature="TestB.fifthTestCaseB()[pri:0, instance:com.wordpressTest.tests.sanityTests.TestB@77847718]" name="fifthTestCaseB" class="com.wordpressTest.tests.sanityTests.TestB"/>
        <method signature="TestB.firstTestCaseB()[pri:0, instance:com.wordpressTest.tests.sanityTests.TestB@77847718]" name="firstTestCaseB" class="com.wordpressTest.tests.sanityTests.TestB"/>
        <method signature="TestB.fourthTestCaseB()[pri:0, instance:com.wordpressTest.tests.sanityTests.TestB@77847718]" name="fourthTestCaseB" class="com.wordpressTest.tests.sanityTests.TestB"/>
        <method signature="TestB.secondTestCaseB()[pri:0, instance:com.wordpressTest.tests.sanityTests.TestB@77847718]" name="secondTestCaseB" class="com.wordpressTest.tests.sanityTests.TestB"/>
        <method signature="TestB.thirdTestCaseB()[pri:0, instance:com.wordpressTest.tests.sanityTests.TestB@77847718]" name="thirdTestCaseB" class="com.wordpressTest.tests.sanityTests.TestB"/>
        <method signature="TestC.firstTestCaseB()[pri:0, instance:com.wordpressTest.tests.sanityTests.TestC@7f3b84b8]" name="firstTestCaseB" class="com.wordpressTest.tests.sanityTests.TestC"/>
        <method signature="TestC.secondTestCaseB()[pri:0, instance:com.wordpressTest.tests.sanityTests.TestC@7f3b84b8]" name="secondTestCaseB" class="com.wordpressTest.tests.sanityTests.TestC"/>
      </group> <!-- sanity -->
    </groups>
    <test name="Sanity Test Group" duration-ms="8525" started-at="2016-01-28T14:51:10Z" finished-at="2016-01-28T14:51:18Z">
      <class name="com.wordpressTest.tests.sanityTests.TestA">
        <test-method status="PASS" signature="firstTestCaseA()[pri:0, instance:com.wordpressTest.tests.sanityTests.TestA@158d2680]" name="firstTestCaseA" duration-ms="2003" started-at="2016-01-28T14:51:10Z" finished-at="2016-01-28T14:51:12Z">
          <reporter-output>
          </reporter-output>
        </test-method> <!-- firstTestCaseA -->
        <test-method status="FAIL" signature="secondWebSiteA()[pri:0, instance:com.wordpressTest.tests.sanityTests.TestA@158d2680]" name="secondWebSiteA" duration-ms="1006" started-at="2016-01-28T14:51:12Z" finished-at="2016-01-28T14:51:13Z">
          <exception class="org.openqa.selenium.remote.SessionNotFoundException">
            <message>
              <![CDATA[Session ID is null. Using WebDriver after calling quit()?
Build info: version: '2.49.0', revision: '365eeb44deba2067b1761c8862ef21d55250e063', time: '2016-01-13 11:57:39'
System info: host: 'thunderdome', ip: '192.168.0.7', os.name: 'Mac OS X', os.arch: 'x86_64', os.version: '10.10.5', java.version: '1.8.0_45'
Driver info: driver.version: RemoteWebDriver]]>
            </message>
            <full-stacktrace>
              <![CDATA[org.openqa.selenium.remote.SessionNotFoundException: Session ID is null. Using WebDriver after calling quit()?
Build info: version: '2.49.0', revision: '365eeb44deba2067b1761c8862ef21d55250e063', time: '2016-01-13 11:57:39'
System info: host: 'thunderdome', ip: '192.168.0.7', os.name: 'Mac OS X', os.arch: 'x86_64', os.version: '10.10.5', java.version: '1.8.0_45'
Driver info: driver.version: RemoteWebDriver
	at org.openqa.selenium.remote.HttpCommandExecutor.execute(HttpCommandExecutor.java:134)
	at org.openqa.selenium.remote.service.DriverCommandExecutor.execute(DriverCommandExecutor.java:82)
	at org.openqa.selenium.remote.RemoteWebDriver.execute(RemoteWebDriver.java:644)
	at org.openqa.selenium.remote.RemoteWebDriver.findElement(RemoteWebDriver.java:363)
	at org.openqa.selenium.remote.RemoteWebDriver.findElementById(RemoteWebDriver.java:413)
	at org.openqa.selenium.By$ById.findElement(By.java:218)
	at org.openqa.selenium.remote.RemoteWebDriver.findElement(RemoteWebDriver.java:355)
	at com.wordpressTest.tests.sanityTests.TestA.secondWebSiteA(TestA.java:37)
	at sun.reflect.NativeMethodAccessorImpl.invoke0(Native Method)
	at sun.reflect.NativeMethodAccessorImpl.invoke(NativeMethodAccessorImpl.java:62)
	at sun.reflect.DelegatingMethodAccessorImpl.invoke(DelegatingMethodAccessorImpl.java:43)
	at java.lang.reflect.Method.invoke(Method.java:497)
	at org.testng.internal.MethodInvocationHelper.invokeMethod(MethodInvocationHelper.java:85)
	at org.testng.internal.Invoker.invokeMethod(Invoker.java:639)
	at org.testng.internal.Invoker.invokeTestMethod(Invoker.java:816)
	at org.testng.internal.Invoker.invokeTestMethods(Invoker.java:1124)
	at org.testng.internal.TestMethodWorker.invokeTestMethods(TestMethodWorker.java:125)
	at org.testng.internal.TestMethodWorker.run(TestMethodWorker.java:108)
	at java.util.concurrent.ThreadPoolExecutor.runWorker(ThreadPoolExecutor.java:1142)
	at java.util.concurrent.ThreadPoolExecutor$Worker.run(ThreadPoolExecutor.java:617)
	at java.lang.Thread.run(Thread.java:745)
]]>
            </full-stacktrace>
          </exception> <!-- org.openqa.selenium.remote.SessionNotFoundException -->
          <reporter-output>
          </reporter-output>
        </test-method> <!-- secondWebSiteA -->
        <test-method status="PASS" signature="thirdTestCaseA()[pri:0, instance:com.wordpressTest.tests.sanityTests.TestA@158d2680]" name="thirdTestCaseA" duration-ms="2002" started-at="2016-01-28T14:51:13Z" finished-at="2016-01-28T14:51:15Z">
          <reporter-output>
          </reporter-output>
        </test-method> <!-- thirdTestCaseA -->
        <test-method status="PASS" signature="tearDown()[pri:0, instance:com.wordpressTest.tests.sanityTests.TestA@158d2680]" name="tearDown" is-config="true" duration-ms="0" started-at="2016-01-28T14:51:15Z" finished-at="2016-01-28T14:51:15Z">
          <reporter-output>
          </reporter-output>
        </test-method> <!-- tearDown -->
      </class> <!-- com.wordpressTest.tests.sanityTests.TestA -->
      <class name="com.wordpressTest.tests.sanityTests.TestB">
        <test-method status="PASS" signature="fifthTestCaseB()[pri:0, instance:com.wordpressTest.tests.sanityTests.TestB@77847718]" name="fifthTestCaseB" duration-ms="2002" started-at="2016-01-28T14:51:10Z" finished-at="2016-01-28T14:51:12Z">
          <reporter-output>
          </reporter-output>
        </test-method> <!-- fifthTestCaseB -->
        <test-method status="PASS" signature="firstTestCaseB()[pri:0, instance:com.wordpressTest.tests.sanityTests.TestB@77847718]" name="firstTestCaseB" duration-ms="2005" started-at="2016-01-28T14:51:12Z" finished-at="2016-01-28T14:51:14Z">
          <reporter-output>
          </reporter-output>
        </test-method> <!-- firstTestCaseB -->
        <test-method status="PASS" signature="fourthTestCaseB()[pri:0, instance:com.wordpressTest.tests.sanityTests.TestB@77847718]" name="fourthTestCaseB" duration-ms="2002" started-at="2016-01-28T14:51:14Z" finished-at="2016-01-28T14:51:16Z">
          <reporter-output>
          </reporter-output>
        </test-method> <!-- fourthTestCaseB -->
        <test-method status="FAIL" signature="secondTestCaseB()[pri:0, instance:com.wordpressTest.tests.sanityTests.TestB@77847718]" name="secondTestCaseB" duration-ms="504" started-at="2016-01-28T14:51:16Z" finished-at="2016-01-28T14:51:16Z">
          <exception class="java.lang.AssertionError">
            <message>
              <![CDATA[Failing this Test]]>
            </message>
            <full-stacktrace>
              <![CDATA[java.lang.AssertionError: Failing this Test
	at org.testng.Assert.fail(Assert.java:94)
	at com.wordpressTest.tests.sanityTests.TestB.secondTestCaseB(TestB.java:20)
	at sun.reflect.NativeMethodAccessorImpl.invoke0(Native Method)
	at sun.reflect.NativeMethodAccessorImpl.invoke(NativeMethodAccessorImpl.java:62)
	at sun.reflect.DelegatingMethodAccessorImpl.invoke(DelegatingMethodAccessorImpl.java:43)
	at java.lang.reflect.Method.invoke(Method.java:497)
	at org.testng.internal.MethodInvocationHelper.invokeMethod(MethodInvocationHelper.java:85)
	at org.testng.internal.Invoker.invokeMethod(Invoker.java:639)
	at org.testng.internal.Invoker.invokeTestMethod(Invoker.java:816)
	at org.testng.internal.Invoker.invokeTestMethods(Invoker.java:1124)
	at org.testng.internal.TestMethodWorker.invokeTestMethods(TestMethodWorker.java:125)
	at org.testng.internal.TestMethodWorker.run(TestMethodWorker.java:108)
	at java.util.concurrent.ThreadPoolExecutor.runWorker(ThreadPoolExecutor.java:1142)
	at java.util.concurrent.ThreadPoolExecutor$Worker.run(ThreadPoolExecutor.java:617)
	at java.lang.Thread.run(Thread.java:745)
]]>
            </full-stacktrace>
          </exception> <!-- java.lang.AssertionError -->
          <reporter-output>
          </reporter-output>
        </test-method> <!-- secondTestCaseB -->
        <test-method status="PASS" signature="thirdTestCaseB()[pri:0, instance:com.wordpressTest.tests.sanityTests.TestB@77847718]" name="thirdTestCaseB" duration-ms="2005" started-at="2016-01-28T14:51:16Z" finished-at="2016-01-28T14:51:18Z">
          <reporter-output>
          </reporter-output>
        </test-method> <!-- thirdTestCaseB -->
      </class> <!-- com.wordpressTest.tests.sanityTests.TestB -->
      <class name="com.wordpressTest.tests.sanityTests.TestC">
        <test-method status="PASS" signature="firstTestCaseB()[pri:0, instance:com.wordpressTest.tests.sanityTests.TestC@7f3b84b8]" name="firstTestCaseB" duration-ms="103" started-at="2016-01-28T14:51:10Z" finished-at="2016-01-28T14:51:10Z">
          <reporter-output>
          </reporter-output>
        </test-method> <!-- firstTestCaseB -->
        <test-method status="SKIP" signature="secondTestCaseB()[pri:0, instance:com.wordpressTest.tests.sanityTests.TestC@7f3b84b8]" name="secondTestCaseB" duration-ms="5003" started-at="2016-01-28T14:51:10Z" finished-at="2016-01-28T14:51:15Z">
          <exception class="org.testng.SkipException">
            <message>
              <![CDATA[Skipping this test with exception]]>
            </message>
            <full-stacktrace>
              <![CDATA[org.testng.SkipException: Skipping this test with exception
	at com.wordpressTest.tests.sanityTests.TestC.secondTestCaseB(TestC.java:20)
	at sun.reflect.NativeMethodAccessorImpl.invoke0(Native Method)
	at sun.reflect.NativeMethodAccessorImpl.invoke(NativeMethodAccessorImpl.java:62)
	at sun.reflect.DelegatingMethodAccessorImpl.invoke(DelegatingMethodAccessorImpl.java:43)
	at java.lang.reflect.Method.invoke(Method.java:497)
	at org.testng.internal.MethodInvocationHelper.invokeMethod(MethodInvocationHelper.java:85)
	at org.testng.internal.Invoker.invokeMethod(Invoker.java:639)
	at org.testng.internal.Invoker.invokeTestMethod(Invoker.java:816)
	at org.testng.internal.Invoker.invokeTestMethods(Invoker.java:1124)
	at org.testng.internal.TestMethodWorker.invokeTestMethods(TestMethodWorker.java:125)
	at org.testng.internal.TestMethodWorker.run(TestMethodWorker.java:108)
	at java.util.concurrent.ThreadPoolExecutor.runWorker(ThreadPoolExecutor.java:1142)
	at java.util.concurrent.ThreadPoolExecutor$Worker.run(ThreadPoolExecutor.java:617)
	at java.lang.Thread.run(Thread.java:745)
]]>
            </full-stacktrace>
          </exception> <!-- org.testng.SkipException -->
          <reporter-output>
          </reporter-output>
        </test-method> <!-- secondTestCaseB -->
      </class> <!-- com.wordpressTest.tests.sanityTests.TestC -->
    </test> <!-- Sanity Test Group -->
  </suite> <!-- Main Test Suite (0) -->
</testng-results>
