<?xml version="1.0" encoding="UTF-8"?>
<!-- Generated by org.testng.reporters.JUnitReportReporter -->
<testsuite hostname="thunderdome-2.local" name="com.wordpressTest.tests.mobileTests.MobileAppiumTest" tests="1" failures="0" timestamp="22 Jan 2016 17:30:09 GMT" time="46.590" errors="1">
  <testcase name="testApp" time="46.590" classname="com.wordpressTest.tests.mobileTests.MobileAppiumTest">
    <error type="org.openqa.selenium.TimeoutException" message="Timed out after 10 seconds waiting for com.wordpressTest.tests.mobileTests.MobileAppiumTest$$Lambda$15/1667534569@7651218e
Build info: version: &#039;2.49.0&#039;, revision: &#039;365eeb44deba2067b1761c8862ef21d55250e063&#039;, time: &#039;2016-01-13 11:57:39&#039;
System info: host: &#039;thunderdome-2.local&#039;, ip: &#039;169.254.140.144&#039;, os.name: &#039;Mac OS X&#039;, os.arch: &#039;x86_64&#039;, os.version: &#039;10.10.5&#039;, java.version: &#039;1.8.0_45&#039;
Driver info: com.wordpressTest.tests.mobileTests.MobileAppiumTest$MobileDriver
Capabilities [{app=/Users/chijiokea/iPhoneSelenium/NewMavenProject/src/test/resources/WhatsAppMessenger.com.apk, networkConnectionEnabled=true, warnings={}, app-package=com.whatsapp, app-activity=com.whatsapp.Main, databaseEnabled=false, deviceName=192.168.57.101:5555, platform=LINUX, desired={app=/Users/chijiokea/iPhoneSelenium/NewMavenProject/src/test/resources/WhatsAppMessenger.com.apk, platformVersion=4.4.4, browserName=, app-package=com.whatsapp, app-activity=com.whatsapp.Main, platformName=Android, udid=192.168.57.101:5555, deviceName=Google Nexus 10}, platformVersion=4.4.4, webStorageEnabled=false, locationContextEnabled=false, browserName=, takesScreenshot=true, javascriptEnabled=true, platformName=Android, udid=192.168.57.101:5555}]
Session ID: ccb60e37-13b0-47ec-9abc-3dc205954a0c">
      <![CDATA[org.openqa.selenium.TimeoutException: Timed out after 10 seconds waiting for com.wordpressTest.tests.mobileTests.MobileAppiumTest$$Lambda$15/1667534569@7651218e
Build info: version: '2.49.0', revision: '365eeb44deba2067b1761c8862ef21d55250e063', time: '2016-01-13 11:57:39'
System info: host: 'thunderdome-2.local', ip: '169.254.140.144', os.name: 'Mac OS X', os.arch: 'x86_64', os.version: '10.10.5', java.version: '1.8.0_45'
Driver info: com.wordpressTest.tests.mobileTests.MobileAppiumTest$MobileDriver
Capabilities [{app=/Users/chijiokea/iPhoneSelenium/NewMavenProject/src/test/resources/WhatsAppMessenger.com.apk, networkConnectionEnabled=true, warnings={}, app-package=com.whatsapp, app-activity=com.whatsapp.Main, databaseEnabled=false, deviceName=192.168.57.101:5555, platform=LINUX, desired={app=/Users/chijiokea/iPhoneSelenium/NewMavenProject/src/test/resources/WhatsAppMessenger.com.apk, platformVersion=4.4.4, browserName=, app-package=com.whatsapp, app-activity=com.whatsapp.Main, platformName=Android, udid=192.168.57.101:5555, deviceName=Google Nexus 10}, platformVersion=4.4.4, webStorageEnabled=false, locationContextEnabled=false, browserName=, takesScreenshot=true, javascriptEnabled=true, platformName=Android, udid=192.168.57.101:5555}]
Session ID: ccb60e37-13b0-47ec-9abc-3dc205954a0c
	at org.openqa.selenium.support.ui.WebDriverWait.timeoutException(WebDriverWait.java:80)
	at org.openqa.selenium.support.ui.FluentWait.until(FluentWait.java:261)
	at com.wordpressTest.tests.mobileTests.MobileAppiumTest.lambda$static$1(MobileAppiumTest.java:28)
	at com.wordpressTest.tests.mobileTests.MobileAppiumTest$$Lambda$1/1886491834.test(Unknown Source)
	at com.wordpressTest.tests.mobileTests.MobileAppiumTest.testApp(MobileAppiumTest.java:78)
	at sun.reflect.NativeMethodAccessorImpl.invoke0(Native Method)
	at sun.reflect.NativeMethodAccessorImpl.invoke(NativeMethodAccessorImpl.java:62)
	at sun.reflect.DelegatingMethodAccessorImpl.invoke(DelegatingMethodAccessorImpl.java:43)
	at java.lang.reflect.Method.invoke(Method.java:497)
	at org.testng.internal.MethodInvocationHelper.invokeMethod(MethodInvocationHelper.java:85)
	at org.testng.internal.Invoker.invokeMethod(Invoker.java:639)
	at org.testng.internal.Invoker.invokeTestMethod(Invoker.java:816)
	at org.testng.internal.Invoker.invokeTestMethods(Invoker.java:1124)
	at org.testng.internal.TestMethodWorker.invokeTestMethods(TestMethodWorker.java:125)
	at org.testng.internal.TestMethodWorker.run(TestMethodWorker.java:108)
	at org.testng.TestRunner.privateRun(TestRunner.java:774)
	at org.testng.TestRunner.run(TestRunner.java:624)
	at org.testng.SuiteRunner.runTest(SuiteRunner.java:359)
	at org.testng.SuiteRunner.runSequentially(SuiteRunner.java:354)
	at org.testng.SuiteRunner.privateRun(SuiteRunner.java:312)
	at org.testng.SuiteRunner.run(SuiteRunner.java:261)
	at org.testng.SuiteRunnerWorker.runSuite(SuiteRunnerWorker.java:52)
	at org.testng.SuiteRunnerWorker.run(SuiteRunnerWorker.java:86)
	at org.testng.TestNG.runSuitesSequentially(TestNG.java:1215)
	at org.testng.TestNG.runSuitesLocally(TestNG.java:1140)
	at org.testng.TestNG.run(TestNG.java:1048)
	at org.scalatest.testng.TestNGSuiteLike$class.run(TestNGSuiteLike.scala:131)
	at org.scalatest.testng.TestNGSuite.run(TestNGSuite.scala:78)
	at org.scalatest.testng.TestNGWrapperSuite.runTestNG(TestNGWrapperSuite.scala:106)
	at org.scalatest.testng.TestNGWrapperSuite.run(TestNGWrapperSuite.scala:73)
	at org.scalatest.tools.SuiteRunner.run(SuiteRunner.scala:55)
	at org.scalatest.tools.Runner$$anonfun$doRunRunRunDaDoRunRun$3.apply(Runner.scala:2563)
	at org.scalatest.tools.Runner$$anonfun$doRunRunRunDaDoRunRun$3.apply(Runner.scala:2557)
	at scala.collection.immutable.List.foreach(List.scala:381)
	at org.scalatest.tools.Runner$.doRunRunRunDaDoRunRun(Runner.scala:2557)
	at org.scalatest.tools.Runner$$anonfun$runOptionallyWithPassFailReporter$2.apply(Runner.scala:1044)
	at org.scalatest.tools.Runner$$anonfun$runOptionallyWithPassFailReporter$2.apply(Runner.scala:1043)
	at org.scalatest.tools.Runner$.withClassLoaderAndDispatchReporter(Runner.scala:2722)
	at org.scalatest.tools.Runner$.runOptionallyWithPassFailReporter(Runner.scala:1043)
	at org.scalatest.tools.Runner$.run(Runner.scala:883)
	at org.scalatest.tools.Runner.run(Runner.scala)
	at org.jetbrains.plugins.scala.testingSupport.scalaTest.ScalaTestRunner.runScalaTest2(ScalaTestRunner.java:138)
	at org.jetbrains.plugins.scala.testingSupport.scalaTest.ScalaTestRunner.main(ScalaTestRunner.java:28)
	at sun.reflect.NativeMethodAccessorImpl.invoke0(Native Method)
	at sun.reflect.NativeMethodAccessorImpl.invoke(NativeMethodAccessorImpl.java:62)
	at sun.reflect.DelegatingMethodAccessorImpl.invoke(DelegatingMethodAccessorImpl.java:43)
	at java.lang.reflect.Method.invoke(Method.java:497)
	at com.intellij.rt.execution.application.AppMain.main(AppMain.java:140)
Caused by: org.openqa.selenium.NoSuchElementException: An element could not be located on the page using the given search parameters. (WARNING: The server did not provide any stacktrace information)
Command duration or timeout: 329 milliseconds
For documentation on this error, please visit: http://seleniumhq.org/exceptions/no_such_element.html
Build info: version: '2.49.0', revision: '365eeb44deba2067b1761c8862ef21d55250e063', time: '2016-01-13 11:57:39'
System info: host: 'thunderdome-2.local', ip: '169.254.140.144', os.name: 'Mac OS X', os.arch: 'x86_64', os.version: '10.10.5', java.version: '1.8.0_45'
Driver info: com.wordpressTest.tests.mobileTests.MobileAppiumTest$MobileDriver
Capabilities [{app=/Users/chijiokea/iPhoneSelenium/NewMavenProject/src/test/resources/WhatsAppMessenger.com.apk, networkConnectionEnabled=true, warnings={}, app-package=com.whatsapp, app-activity=com.whatsapp.Main, databaseEnabled=false, deviceName=192.168.57.101:5555, platform=LINUX, desired={app=/Users/chijiokea/iPhoneSelenium/NewMavenProject/src/test/resources/WhatsAppMessenger.com.apk, platformVersion=4.4.4, browserName=, app-package=com.whatsapp, app-activity=com.whatsapp.Main, platformName=Android, udid=192.168.57.101:5555, deviceName=Google Nexus 10}, platformVersion=4.4.4, webStorageEnabled=false, locationContextEnabled=false, browserName=, takesScreenshot=true, javascriptEnabled=true, platformName=Android, udid=192.168.57.101:5555}]
Session ID: ccb60e37-13b0-47ec-9abc-3dc205954a0c
*** Element info: {Using=id, value=android:id/button1}
	at sun.reflect.NativeConstructorAccessorImpl.newInstance0(Native Method)
	at sun.reflect.NativeConstructorAccessorImpl.newInstance(NativeConstructorAccessorImpl.java:62)
	at sun.reflect.DelegatingConstructorAccessorImpl.newInstance(DelegatingConstructorAccessorImpl.java:45)
	at java.lang.reflect.Constructor.newInstance(Constructor.java:422)
	at org.openqa.selenium.remote.ErrorHandler.createThrowable(ErrorHandler.java:206)
	at org.openqa.selenium.remote.ErrorHandler.throwIfResponseFailed(ErrorHandler.java:158)
	at org.openqa.selenium.remote.RemoteWebDriver.execute(RemoteWebDriver.java:678)
	at io.appium.java_client.AppiumDriver.execute(AppiumDriver.java:180)
	at org.openqa.selenium.remote.RemoteWebDriver.findElement(RemoteWebDriver.java:363)
	at org.openqa.selenium.remote.RemoteWebDriver.findElementById(RemoteWebDriver.java:413)
	at org.openqa.selenium.By$ById.findElement(By.java:218)
	at org.openqa.selenium.remote.RemoteWebDriver.findElement(RemoteWebDriver.java:355)
	at com.wordpressTest.tests.mobileTests.MobileAppiumTest.lambda$null$0(MobileAppiumTest.java:28)
	at com.wordpressTest.tests.mobileTests.MobileAppiumTest$$Lambda$15/1667534569.apply(Unknown Source)
	at org.openqa.selenium.support.ui.FluentWait.until(FluentWait.java:238)
	... 46 more
]]>
    </error>
  </testcase> <!-- testApp -->
</testsuite> <!-- com.com.com.wordpressTest.tests.mobileTests.MobileAppiumTest -->
