<?xml version="1.0" encoding="UTF-8"?>
<!-- Generated by org.testng.reporters.JUnitReportReporter -->
<testsuite hostname="thunderdome" name="com.wordpressTest.tests.OptionalParamExample" tests="6" failures="1" timestamp="22 Jan 2016 17:13:37 GMT" time="0.272" errors="1">
  <testcase name="testGoogleSearch" time="0.010" classname="com.wordpressTest.tests.OptionalParamExample"/>
  <testcase name="testOptionParamTwo" time="0.000" classname="com.wordpressTest.tests.OptionalParamExample"/>
  <testcase name="testOptionParamOne" time="0.001" classname="com.wordpressTest.tests.OptionalParamExample"/>
  <testcase name="testOptionParamOne" time="0.000" classname="com.wordpressTest.tests.OptionalParamExample">
    <error type="org.testng.TestNGException" message="
Parameter &#039;param one&#039; is required by @Test on method testOptionParamOne but has not been marked @Optional or defined
in /Users/chijiokea/iPhoneSelenium/NewMavenProject/src/test/resources/xml/testng.xml">
      <![CDATA[org.testng.TestNGException: 
Parameter 'param one' is required by @Test on method testOptionParamOne but has not been marked @Optional or defined
in /Users/chijiokea/iPhoneSelenium/NewMavenProject/src/test/resources/xml/testng.xml
	at org.testng.internal.Parameters.createParameters(Parameters.java:154)
	at org.testng.internal.Parameters.createParameters(Parameters.java:361)
	at org.testng.internal.Parameters.handleParameters(Parameters.java:451)
	at org.testng.internal.Invoker.handleParameters(Invoker.java:1270)
	at org.testng.internal.Invoker.createParameters(Invoker.java:985)
	at org.testng.internal.Invoker.invokeTestMethods(Invoker.java:1075)
	at org.testng.internal.TestMethodWorker.invokeTestMethods(TestMethodWorker.java:125)
	at org.testng.internal.TestMethodWorker.run(TestMethodWorker.java:108)
	at org.testng.TestRunner.privateRun(TestRunner.java:774)
	at org.testng.TestRunner.run(TestRunner.java:624)
	at org.testng.SuiteRunner.runTest(SuiteRunner.java:359)
	at org.testng.SuiteRunner.runSequentially(SuiteRunner.java:354)
	at org.testng.SuiteRunner.privateRun(SuiteRunner.java:312)
	at org.testng.SuiteRunner.run(SuiteRunner.java:261)
	at org.testng.SuiteRunnerWorker.runSuite(SuiteRunnerWorker.java:52)
	at org.testng.SuiteRunnerWorker.run(SuiteRunnerWorker.java:86)
	at org.testng.TestNG.runSuitesSequentially(TestNG.java:1215)
	at org.testng.TestNG.runSuitesLocally(TestNG.java:1140)
	at org.testng.TestNG.run(TestNG.java:1048)
	at org.scalatest.testng.TestNGSuiteLike$class.run(TestNGSuiteLike.scala:131)
	at org.scalatest.testng.TestNGSuite.run(TestNGSuite.scala:78)
	at org.scalatest.testng.TestNGWrapperSuite.runTestNG(TestNGWrapperSuite.scala:106)
	at org.scalatest.testng.TestNGWrapperSuite.run(TestNGWrapperSuite.scala:73)
	at org.scalatest.tools.SuiteRunner.run(SuiteRunner.scala:55)
	at org.scalatest.tools.Runner$$anonfun$doRunRunRunDaDoRunRun$3.apply(Runner.scala:2563)
	at org.scalatest.tools.Runner$$anonfun$doRunRunRunDaDoRunRun$3.apply(Runner.scala:2557)
	at scala.collection.immutable.List.foreach(List.scala:381)
	at org.scalatest.tools.Runner$.doRunRunRunDaDoRunRun(Runner.scala:2557)
	at org.scalatest.tools.Runner$$anonfun$runOptionallyWithPassFailReporter$2.apply(Runner.scala:1044)
	at org.scalatest.tools.Runner$$anonfun$runOptionallyWithPassFailReporter$2.apply(Runner.scala:1043)
	at org.scalatest.tools.Runner$.withClassLoaderAndDispatchReporter(Runner.scala:2722)
	at org.scalatest.tools.Runner$.runOptionallyWithPassFailReporter(Runner.scala:1043)
	at org.scalatest.tools.Runner$.run(Runner.scala:883)
	at org.scalatest.tools.Runner.run(Runner.scala)
	at org.jetbrains.plugins.scala.testingSupport.scalaTest.ScalaTestRunner.runScalaTest2(ScalaTestRunner.java:138)
	at org.jetbrains.plugins.scala.testingSupport.scalaTest.ScalaTestRunner.main(ScalaTestRunner.java:28)
	at sun.reflect.NativeMethodAccessorImpl.invoke0(Native Method)
	at sun.reflect.NativeMethodAccessorImpl.invoke(NativeMethodAccessorImpl.java:62)
	at sun.reflect.DelegatingMethodAccessorImpl.invoke(DelegatingMethodAccessorImpl.java:43)
	at java.lang.reflect.Method.invoke(Method.java:497)
	at com.intellij.rt.execution.application.AppMain.main(AppMain.java:140)
]]>
    </error>
  </testcase> <!-- testOptionParamOne -->
  <testcase name="testOptionParamTwo" time="0.001" classname="com.wordpressTest.tests.OptionalParamExample"/>
  <testcase name="testGoogleSearch" time="0.260" classname="com.wordpressTest.tests.OptionalParamExample">
    <failure type="java.lang.AssertionError" message="expected [Google] but found [Yahoo]">
      <![CDATA[java.lang.AssertionError: expected [Google] but found [Yahoo]
	at org.testng.Assert.fail(Assert.java:94)
	at org.testng.Assert.failNotEquals(Assert.java:496)
	at org.testng.Assert.assertEquals(Assert.java:125)
	at org.testng.Assert.assertEquals(Assert.java:178)
	at org.testng.Assert.assertEquals(Assert.java:188)
	at com.wordpressTest.tests.OptionalParamExample.testGoogleSearch(OptionalParamExample.java:28)
	at sun.reflect.NativeMethodAccessorImpl.invoke0(Native Method)
	at sun.reflect.NativeMethodAccessorImpl.invoke(NativeMethodAccessorImpl.java:62)
	at sun.reflect.DelegatingMethodAccessorImpl.invoke(DelegatingMethodAccessorImpl.java:43)
	at java.lang.reflect.Method.invoke(Method.java:497)
	at org.testng.internal.MethodInvocationHelper.invokeMethod(MethodInvocationHelper.java:85)
	at org.testng.internal.Invoker.invokeMethod(Invoker.java:639)
	at org.testng.internal.Invoker.invokeTestMethod(Invoker.java:816)
	at org.testng.internal.Invoker.invokeTestMethods(Invoker.java:1124)
	at org.testng.internal.TestMethodWorker.invokeTestMethods(TestMethodWorker.java:125)
	at org.testng.internal.TestMethodWorker.run(TestMethodWorker.java:108)
	at org.testng.TestRunner.privateRun(TestRunner.java:774)
	at org.testng.TestRunner.run(TestRunner.java:624)
	at org.testng.SuiteRunner.runTest(SuiteRunner.java:359)
	at org.testng.SuiteRunner.runSequentially(SuiteRunner.java:354)
	at org.testng.SuiteRunner.privateRun(SuiteRunner.java:312)
	at org.testng.SuiteRunner.run(SuiteRunner.java:261)
	at org.testng.SuiteRunnerWorker.runSuite(SuiteRunnerWorker.java:52)
	at org.testng.SuiteRunnerWorker.run(SuiteRunnerWorker.java:86)
	at org.testng.TestNG.runSuitesSequentially(TestNG.java:1215)
	at org.testng.TestNG.runSuitesLocally(TestNG.java:1140)
	at org.testng.TestNG.run(TestNG.java:1048)
	at org.scalatest.testng.TestNGSuiteLike$class.run(TestNGSuiteLike.scala:131)
	at org.scalatest.testng.TestNGSuite.run(TestNGSuite.scala:78)
	at org.scalatest.testng.TestNGWrapperSuite.runTestNG(TestNGWrapperSuite.scala:106)
	at org.scalatest.testng.TestNGWrapperSuite.run(TestNGWrapperSuite.scala:73)
	at org.scalatest.tools.SuiteRunner.run(SuiteRunner.scala:55)
	at org.scalatest.tools.Runner$$anonfun$doRunRunRunDaDoRunRun$3.apply(Runner.scala:2563)
	at org.scalatest.tools.Runner$$anonfun$doRunRunRunDaDoRunRun$3.apply(Runner.scala:2557)
	at scala.collection.immutable.List.foreach(List.scala:381)
	at org.scalatest.tools.Runner$.doRunRunRunDaDoRunRun(Runner.scala:2557)
	at org.scalatest.tools.Runner$$anonfun$runOptionallyWithPassFailReporter$2.apply(Runner.scala:1044)
	at org.scalatest.tools.Runner$$anonfun$runOptionallyWithPassFailReporter$2.apply(Runner.scala:1043)
	at org.scalatest.tools.Runner$.withClassLoaderAndDispatchReporter(Runner.scala:2722)
	at org.scalatest.tools.Runner$.runOptionallyWithPassFailReporter(Runner.scala:1043)
	at org.scalatest.tools.Runner$.run(Runner.scala:883)
	at org.scalatest.tools.Runner.run(Runner.scala)
	at org.jetbrains.plugins.scala.testingSupport.scalaTest.ScalaTestRunner.runScalaTest2(ScalaTestRunner.java:138)
	at org.jetbrains.plugins.scala.testingSupport.scalaTest.ScalaTestRunner.main(ScalaTestRunner.java:28)
	at sun.reflect.NativeMethodAccessorImpl.invoke0(Native Method)
	at sun.reflect.NativeMethodAccessorImpl.invoke(NativeMethodAccessorImpl.java:62)
	at sun.reflect.DelegatingMethodAccessorImpl.invoke(DelegatingMethodAccessorImpl.java:43)
	at java.lang.reflect.Method.invoke(Method.java:497)
	at com.intellij.rt.execution.application.AppMain.main(AppMain.java:140)
]]>
    </failure>
  </testcase> <!-- testGoogleSearch -->
</testsuite> <!-- com.com.com.wordpressTest.tests.OptionalParamExample -->
