<?xml version="1.0" encoding="UTF-8"?>
<!-- Generated by org.testng.reporters.JUnitReportReporter -->
<testsuite hostname="thunderdome" name="com.wordpressTest.tests.sanityTests.TestB" tests="5" failures="1" timestamp="28 Jan 2016 14:51:18 GMT" time="8.518" errors="0">
  <testcase name="thirdTestCaseB" time="2.005" classname="com.wordpressTest.tests.sanityTests.TestB"/>
  <testcase name="fifthTestCaseB" time="2.002" classname="com.wordpressTest.tests.sanityTests.TestB"/>
  <testcase name="firstTestCaseB" time="2.005" classname="com.wordpressTest.tests.sanityTests.TestB"/>
  <testcase name="fourthTestCaseB" time="2.002" classname="com.wordpressTest.tests.sanityTests.TestB"/>
  <testcase name="secondTestCaseB" time="0.504" classname="com.wordpressTest.tests.sanityTests.TestB">
    <failure type="java.lang.AssertionError" message="Failing this Test">
      <![CDATA[java.lang.AssertionError: Failing this Test
	at org.testng.Assert.fail(Assert.java:94)
	at com.wordpressTest.tests.sanityTests.TestB.secondTestCaseB(TestB.java:20)
	at sun.reflect.NativeMethodAccessorImpl.invoke0(Native Method)
	at sun.reflect.NativeMethodAccessorImpl.invoke(NativeMethodAccessorImpl.java:62)
	at sun.reflect.DelegatingMethodAccessorImpl.invoke(DelegatingMethodAccessorImpl.java:43)
	at java.lang.reflect.Method.invoke(Method.java:497)
	at org.testng.internal.MethodInvocationHelper.invokeMethod(MethodInvocationHelper.java:85)
	at org.testng.internal.Invoker.invokeMethod(Invoker.java:639)
	at org.testng.internal.Invoker.invokeTestMethod(Invoker.java:816)
	at org.testng.internal.Invoker.invokeTestMethods(Invoker.java:1124)
	at org.testng.internal.TestMethodWorker.invokeTestMethods(TestMethodWorker.java:125)
	at org.testng.internal.TestMethodWorker.run(TestMethodWorker.java:108)
	at java.util.concurrent.ThreadPoolExecutor.runWorker(ThreadPoolExecutor.java:1142)
	at java.util.concurrent.ThreadPoolExecutor$Worker.run(ThreadPoolExecutor.java:617)
	at java.lang.Thread.run(Thread.java:745)
]]>
    </failure>
  </testcase> <!-- secondTestCaseB -->
</testsuite> <!-- com.wordpressTest.tests.sanityTests.TestB -->
